{
  "Cucumber Features": {
    "coverage": {
      "/home/koggs/projects/food_hub/app/models/user.rb": [
        1,
        null,
        null,
        1,
        null,
        null
      ],
      "/home/koggs/projects/food_hub/app/models/application_record.rb": [
        1,
        1,
        null
      ],
      "/home/koggs/projects/food_hub/app/models/recipe.rb": [
        1,
        1,
        1,
        1,
        1,
        null
      ],
      "/home/koggs/projects/food_hub/app/controllers/recipes_controller.rb": [
        1,
        1,
        11,
        null,
        null,
        1,
        1,
        null,
        null
      ],
      "/home/koggs/projects/food_hub/app/controllers/application_controller.rb": [
        1,
        null,
        null
      ],
      "/home/koggs/projects/food_hub/app/helpers/application_helper.rb": [
        1,
        null
      ],
      "/home/koggs/projects/food_hub/app/mailers/application_mailer.rb": [
        0,
        0,
        0,
        0
      ]
    },
    "timestamp": 1526214936
  },
  "RSpec": {
    "coverage": {
      "/home/koggs/projects/food_hub/app/models/user.rb": [
        1,
        null,
        null,
        1,
        null,
        null
      ],
      "/home/koggs/projects/food_hub/app/models/application_record.rb": [
        1,
        1,
        null
      ],
      "/home/koggs/projects/food_hub/app/helpers/application_helper.rb": [
        1,
        null
      ],
      "/home/koggs/projects/food_hub/app/models/recipe.rb": [
        1,
        1,
        1,
        1,
        1,
        null
      ],
      "/home/koggs/projects/food_hub/app/mailers/application_mailer.rb": [
        0,
        0,
        0,
        0
      ],
      "/home/koggs/projects/food_hub/app/controllers/recipes_controller.rb": [
        0,
        0,
        0,
        0,
        0,
        0,
        0,
        0,
        0
      ],
      "/home/koggs/projects/food_hub/app/controllers/application_controller.rb": [
        0,
        0,
        0
      ]
    },
    "timestamp": 1526214930
  }
}
