{
  "Cucumber Features": {
    "coverage": {
      "/home/koggs/projects/food_hub/app/models/user.rb": [
        1,
        1,
        1,
        null,
        1,
        null,
        null,
        1,
        null,
        1,
        4,
        4,
        0,
        null,
        null,
        null,
        null,
        1,
        2,
        2,
        null,
        2,
        null,
        null,
        null,
        null
      ],
      "/home/koggs/projects/food_hub/app/models/application_record.rb": [
        1,
        1,
        null
      ],
      "/home/koggs/projects/food_hub/app/indexes/recipes_index.rb": [
        1,
        1,
        1,
        1,
        null,
        null
      ],
      "/home/koggs/projects/food_hub/app/models/recipe.rb": [
        1,
        1,
        1,
        1,
        1,
        1,
        1,
        null,
        22,
        null,
        1,
        null,
        1,
        24,
        null,
        null,
        null
      ],
      "/home/koggs/projects/food_hub/app/controllers/recipes_controller.rb": [
        1,
        1,
        1,
        1,
        null,
        1,
        2,
        null,
        null,
        1,
        2,
        2,
        1,
        1,
        null,
        1,
        null,
        null,
        null,
        1,
        32,
        null,
        null,
        1,
        null,
        null,
        1,
        null,
        null,
        1,
        5,
        4,
        4,
        null,
        1,
        1,
        null,
        null,
        null,
        1,
        1,
        1,
        1,
        1,
        1,
        null,
        null,
        1,
        null,
        1,
        7,
        7,
        7,
        null,
        null,
        1,
        27,
        null,
        null,
        1,
        11,
        null,
        null,
        null,
        null
      ],
      "/home/koggs/projects/food_hub/app/controllers/application_controller.rb": [
        1,
        1,
        1,
        null,
        1,
        1,
        1,
        null,
        null
      ],
      "/home/koggs/projects/food_hub/app/helpers/application_helper.rb": [
        1,
        null
      ],
      "/home/koggs/projects/food_hub/app/models/comment.rb": [
        1,
        1,
        1,
        null,
        1,
        null,
        1,
        2,
        null,
        null,
        null
      ],
      "/home/koggs/projects/food_hub/app/policies/recipe_policy.rb": [
        1,
        null,
        1,
        25,
        null,
        null,
        1,
        20,
        null,
        null
      ],
      "/home/koggs/projects/food_hub/app/policies/application_policy.rb": [
        1,
        1,
        null,
        1,
        25,
        25,
        null,
        null
      ],
      "/home/koggs/projects/food_hub/app/controllers/omniauth_callbacks_controller.rb": [
        1,
        null,
        1,
        2,
        2,
        1,
        1,
        null,
        1,
        1,
        null,
        null,
        null,
        1,
        1,
        null,
        null
      ],
      "/home/koggs/projects/food_hub/app/channels/application_cable/connection.rb": [
        1,
        1,
        null,
        null
      ],
      "/home/koggs/projects/food_hub/app/channels/web_notifications_channel.rb": [
        1,
        1,
        null,
        3,
        null,
        null,
        1,
        null,
        null,
        null
      ],
      "/home/koggs/projects/food_hub/app/channels/application_cable/channel.rb": [
        1,
        1,
        null,
        null
      ],
      "/home/koggs/projects/food_hub/app/controllers/comments_controller.rb": [
        1,
        1,
        2,
        2,
        2,
        2,
        null,
        null
      ],
      "/home/koggs/projects/food_hub/app/mailers/application_mailer.rb": [
        0,
        0,
        0,
        0
      ]
    },
    "timestamp": 1529063789
  },
  "RSpec": {
    "coverage": {
      "/home/koggs/projects/food_hub/app/models/user.rb": [
        1,
        1,
        1,
        null,
        1,
        null,
        null,
        1,
        null,
        1,
        0,
        0,
        0,
        null,
        null,
        null,
        null,
        1,
        1,
        1,
        null,
        1,
        null,
        null,
        null,
        null
      ],
      "/home/koggs/projects/food_hub/app/models/application_record.rb": [
        1,
        1,
        null
      ],
      "/home/koggs/projects/food_hub/app/helpers/application_helper.rb": [
        1,
        null
      ],
      "/home/koggs/projects/food_hub/app/channels/web_notifications_channel.rb": [
        1,
        1,
        null,
        2,
        null,
        null,
        1,
        null,
        null,
        null
      ],
      "/home/koggs/projects/food_hub/app/channels/application_cable/channel.rb": [
        1,
        1,
        null,
        null
      ],
      "/home/koggs/projects/food_hub/app/channels/application_cable/connection.rb": [
        1,
        1,
        null,
        null
      ],
      "/home/koggs/projects/food_hub/app/models/comment.rb": [
        1,
        1,
        1,
        null,
        1,
        null,
        1,
        2,
        null,
        null,
        null
      ],
      "/home/koggs/projects/food_hub/app/models/recipe.rb": [
        1,
        1,
        1,
        1,
        1,
        1,
        1,
        null,
        8,
        null,
        1,
        null,
        1,
        7,
        null,
        null,
        null
      ],
      "/home/koggs/projects/food_hub/app/policies/recipe_policy.rb": [
        1,
        null,
        1,
        6,
        null,
        null,
        1,
        3,
        null,
        null
      ],
      "/home/koggs/projects/food_hub/app/policies/application_policy.rb": [
        1,
        1,
        null,
        1,
        3,
        3,
        null,
        null
      ],
      "/home/koggs/projects/food_hub/app/indexes/recipes_index.rb": [
        1,
        1,
        1,
        1,
        null,
        null
      ],
      "/home/koggs/projects/food_hub/app/mailers/application_mailer.rb": [
        0,
        0,
        0,
        0
      ],
      "/home/koggs/projects/food_hub/app/controllers/comments_controller.rb": [
        0,
        0,
        0,
        0,
        0,
        0,
        0,
        0
      ],
      "/home/koggs/projects/food_hub/app/controllers/recipes_controller.rb": [
        0,
        0,
        0,
        0,
        0,
        0,
        0,
        0,
        0,
        0,
        0,
        0,
        0,
        0,
        0,
        0,
        0,
        0,
        0,
        0,
        0,
        0,
        0,
        0,
        0,
        0,
        0,
        0,
        0,
        0,
        0,
        0,
        0,
        0,
        0,
        0,
        0,
        0,
        0,
        0,
        0,
        0,
        0,
        0,
        0,
        0,
        0,
        0,
        0,
        0,
        0,
        0,
        0,
        0,
        0,
        0,
        0,
        0,
        0,
        0,
        0,
        0,
        0,
        0,
        0
      ],
      "/home/koggs/projects/food_hub/app/controllers/omniauth_callbacks_controller.rb": [
        0,
        0,
        0,
        0,
        0,
        0,
        0,
        0,
        0,
        0,
        0,
        0,
        0,
        0,
        0,
        0,
        0
      ],
      "/home/koggs/projects/food_hub/app/controllers/application_controller.rb": [
        0,
        0,
        0,
        0,
        0,
        0,
        0,
        0,
        0
      ]
    },
    "timestamp": 1529063810
  }
}
